[14:54:51] [main/INFO]: Setting user: Player323
[14:54:55] [Client thread/INFO]: LWJGL Version: 2.9.1
[14:55:09] [Client thread/INFO]: Reloading ResourceManager: Default, FMLFileResourcePack:Forge Mod Loader, FMLFileResourcePack:Minecraft Forge, FMLFileResourcePack:The BackWoods
[14:55:10] [Sound Library Loader/INFO]: Sound engine started
[14:55:16] [Client thread/ERROR]: Using missing texture, unable to load thebackwoods:textures/blocks/Test.png
java.io.FileNotFoundException: thebackwoods:textures/blocks/Test.png
	at net.minecraft.client.resources.FallbackResourceManager.getResource(FallbackResourceManager.java:65) ~[FallbackResourceManager.class:?]
	at net.minecraft.client.resources.SimpleReloadableResourceManager.getResource(SimpleReloadableResourceManager.java:67) ~[SimpleReloadableResourceManager.class:?]
	at net.minecraft.client.renderer.texture.TextureMap.loadTextureAtlas(TextureMap.java:126) [TextureMap.class:?]
	at net.minecraft.client.renderer.texture.TextureMap.loadTexture(TextureMap.java:91) [TextureMap.class:?]
	at net.minecraft.client.renderer.texture.TextureManager.loadTexture(TextureManager.java:89) [TextureManager.class:?]
	at net.minecraft.client.renderer.texture.TextureManager.loadTickableTexture(TextureManager.java:71) [TextureManager.class:?]
	at net.minecraft.client.renderer.texture.TextureManager.loadTextureMap(TextureManager.java:58) [TextureManager.class:?]
	at net.minecraft.client.Minecraft.startGame(Minecraft.java:582) [Minecraft.class:?]
	at net.minecraft.client.Minecraft.run(Minecraft.java:931) [Minecraft.class:?]
	at net.minecraft.client.main.Main.main(Main.java:164) [Main.class:?]
	at sun.reflect.NativeMethodAccessorImpl.invoke0(Native Method) ~[?:1.7.0_45]
	at sun.reflect.NativeMethodAccessorImpl.invoke(NativeMethodAccessorImpl.java:57) ~[?:1.7.0_45]
	at sun.reflect.DelegatingMethodAccessorImpl.invoke(DelegatingMethodAccessorImpl.java:43) ~[?:1.7.0_45]
	at java.lang.reflect.Method.invoke(Method.java:606) ~[?:1.7.0_45]
	at net.minecraft.launchwrapper.Launch.launch(Launch.java:135) [launchwrapper-1.11.jar:?]
	at net.minecraft.launchwrapper.Launch.main(Launch.java:28) [launchwrapper-1.11.jar:?]
	at sun.reflect.NativeMethodAccessorImpl.invoke0(Native Method) ~[?:1.7.0_45]
	at sun.reflect.NativeMethodAccessorImpl.invoke(NativeMethodAccessorImpl.java:57) ~[?:1.7.0_45]
	at sun.reflect.DelegatingMethodAccessorImpl.invoke(DelegatingMethodAccessorImpl.java:43) ~[?:1.7.0_45]
	at java.lang.reflect.Method.invoke(Method.java:606) ~[?:1.7.0_45]
	at GradleStart.bounce(GradleStart.java:107) [start/:?]
	at GradleStart.startClient(GradleStart.java:100) [start/:?]
	at GradleStart.main(GradleStart.java:55) [start/:?]
	at sun.reflect.NativeMethodAccessorImpl.invoke0(Native Method) ~[?:1.7.0_45]
	at sun.reflect.NativeMethodAccessorImpl.invoke(NativeMethodAccessorImpl.java:57) ~[?:1.7.0_45]
	at sun.reflect.DelegatingMethodAccessorImpl.invoke(DelegatingMethodAccessorImpl.java:43) ~[?:1.7.0_45]
	at java.lang.reflect.Method.invoke(Method.java:606) ~[?:1.7.0_45]
	at com.intellij.rt.execution.application.AppMain.main(AppMain.java:134) [idea_rt.jar:?]
[14:55:17] [Client thread/INFO]: Created: 512x256 textures/blocks-atlas
[14:55:17] [Client thread/INFO]: Created: 256x256 textures/items-atlas
[14:55:17] [Client thread/INFO]: Reloading ResourceManager: Default, FMLFileResourcePack:Forge Mod Loader, FMLFileResourcePack:Minecraft Forge, FMLFileResourcePack:The BackWoods
[14:55:18] [Client thread/INFO]: Created: 256x256 textures/items-atlas
[14:55:18] [Client thread/ERROR]: Using missing texture, unable to load thebackwoods:textures/blocks/Test.png
java.io.FileNotFoundException: thebackwoods:textures/blocks/Test.png
	at net.minecraft.client.resources.FallbackResourceManager.getResource(FallbackResourceManager.java:65) ~[FallbackResourceManager.class:?]
	at net.minecraft.client.resources.SimpleReloadableResourceManager.getResource(SimpleReloadableResourceManager.java:67) ~[SimpleReloadableResourceManager.class:?]
	at net.minecraft.client.renderer.texture.TextureMap.loadTextureAtlas(TextureMap.java:126) [TextureMap.class:?]
	at net.minecraft.client.renderer.texture.TextureMap.loadTexture(TextureMap.java:91) [TextureMap.class:?]
	at net.minecraft.client.renderer.texture.TextureManager.loadTexture(TextureManager.java:89) [TextureManager.class:?]
	at net.minecraft.client.renderer.texture.TextureManager.onResourceManagerReload(TextureManager.java:170) [TextureManager.class:?]
	at net.minecraft.client.resources.SimpleReloadableResourceManager.notifyReloadListeners(SimpleReloadableResourceManager.java:134) [SimpleReloadableResourceManager.class:?]
	at net.minecraft.client.resources.SimpleReloadableResourceManager.reloadResources(SimpleReloadableResourceManager.java:118) [SimpleReloadableResourceManager.class:?]
	at net.minecraft.client.Minecraft.refreshResources(Minecraft.java:643) [Minecraft.class:?]
	at cpw.mods.fml.client.FMLClientHandler.finishMinecraftLoading(FMLClientHandler.java:303) [FMLClientHandler.class:?]
	at net.minecraft.client.Minecraft.startGame(Minecraft.java:586) [Minecraft.class:?]
	at net.minecraft.client.Minecraft.run(Minecraft.java:931) [Minecraft.class:?]
	at net.minecraft.client.main.Main.main(Main.java:164) [Main.class:?]
	at sun.reflect.NativeMethodAccessorImpl.invoke0(Native Method) ~[?:1.7.0_45]
	at sun.reflect.NativeMethodAccessorImpl.invoke(NativeMethodAccessorImpl.java:57) ~[?:1.7.0_45]
	at sun.reflect.DelegatingMethodAccessorImpl.invoke(DelegatingMethodAccessorImpl.java:43) ~[?:1.7.0_45]
	at java.lang.reflect.Method.invoke(Method.java:606) ~[?:1.7.0_45]
	at net.minecraft.launchwrapper.Launch.launch(Launch.java:135) [launchwrapper-1.11.jar:?]
	at net.minecraft.launchwrapper.Launch.main(Launch.java:28) [launchwrapper-1.11.jar:?]
	at sun.reflect.NativeMethodAccessorImpl.invoke0(Native Method) ~[?:1.7.0_45]
	at sun.reflect.NativeMethodAccessorImpl.invoke(NativeMethodAccessorImpl.java:57) ~[?:1.7.0_45]
	at sun.reflect.DelegatingMethodAccessorImpl.invoke(DelegatingMethodAccessorImpl.java:43) ~[?:1.7.0_45]
	at java.lang.reflect.Method.invoke(Method.java:606) ~[?:1.7.0_45]
	at GradleStart.bounce(GradleStart.java:107) [start/:?]
	at GradleStart.startClient(GradleStart.java:100) [start/:?]
	at GradleStart.main(GradleStart.java:55) [start/:?]
	at sun.reflect.NativeMethodAccessorImpl.invoke0(Native Method) ~[?:1.7.0_45]
	at sun.reflect.NativeMethodAccessorImpl.invoke(NativeMethodAccessorImpl.java:57) ~[?:1.7.0_45]
	at sun.reflect.DelegatingMethodAccessorImpl.invoke(DelegatingMethodAccessorImpl.java:43) ~[?:1.7.0_45]
	at java.lang.reflect.Method.invoke(Method.java:606) ~[?:1.7.0_45]
	at com.intellij.rt.execution.application.AppMain.main(AppMain.java:134) [idea_rt.jar:?]
[14:55:18] [Client thread/INFO]: Created: 512x256 textures/blocks-atlas
[14:55:19] [Sound Library Loader/INFO]: Sound engine started
[14:55:25] [Server thread/INFO]: Starting integrated minecraft server version 1.7.10
[14:55:25] [Server thread/INFO]: Generating keypair
[14:55:25] [Server thread/INFO]: Preparing start region for level 0
[14:55:26] [Server thread/INFO]: Preparing spawn area: 60%
[14:55:27] [Server thread/INFO]: Changing view distance to 12, from 10
[14:55:28] [Server thread/INFO]: Player323[local:E:6c28c68f] logged in with entity id 185 at (-423.2004167783514, 5.170787077218802, -1322.4737741549332)
[14:55:28] [Server thread/INFO]: Player323 joined the game
[14:55:31] [Server thread/WARN]: Can't keep up! Did the system time change, or is the server overloaded? Running 2184ms behind, skipping 43 tick(s)
[14:55:35] [Server thread/INFO]: Player323 has just earned the achievement [Taking Inventory]
[14:55:36] [Client thread/INFO]: [CHAT] Player323 has just earned the achievement [Taking Inventory]
[14:57:07] [Server thread/INFO]: Saving and pausing game...
[14:57:07] [Server thread/INFO]: Saving chunks for level 'World'/Overworld
[14:57:07] [Server thread/INFO]: Saving chunks for level 'World'/Nether
[14:57:07] [Server thread/INFO]: Saving chunks for level 'World'/The End
[14:58:17] [Server thread/INFO]: Changing view distance to 8, from 12
[14:58:34] [Server thread/INFO]: Saving and pausing game...
[14:58:34] [Server thread/INFO]: Saving chunks for level 'World'/Overworld
[14:58:34] [Server thread/INFO]: Saving chunks for level 'World'/Nether
[14:58:34] [Server thread/INFO]: Saving chunks for level 'World'/The End
[14:58:35] [Server thread/INFO]: Stopping server
[14:58:35] [Server thread/INFO]: Saving players
[14:58:35] [Server thread/INFO]: Saving worlds
[14:58:35] [Server thread/INFO]: Saving chunks for level 'World'/Overworld
[14:58:35] [Server thread/INFO]: Saving chunks for level 'World'/Nether
[14:58:35] [Server thread/INFO]: Saving chunks for level 'World'/The End
[14:58:36] [Client thread/INFO]: Stopping!
